BUGS
CREDITS
Makefile
TODO
auth.c
auth.h
cfgparse.c
cfgparse.h
cltcfg.def.h
cltmain.c
config.def.mk
dist.lst
frelayclt.sample.conf
frelaysrv.sample.conf
message.c
message.h
srvcfg.def.h
srvmain.c
srvuserdb.c
srvuserdb.h
statcodes.c
statcodes.h
transfer.c
transfer.h
util.c
util.h
version.in
version.sh
doc/protocol.txt
lib/Makefile
lib/bendian.h
lib/logprintf.c
lib/logprintf.h
lib/ntime.c
lib/ntime.h
lib/prng.c
lib/prng.h
lib/stricmp.c
lib/stricmp.h
pygui/autoaccept.sh
pygui/frelay-gui.py
pygui/frelay-gui.sample.conf
pygui/offer.sh
